<?xml version="1.0" encoding="UTF-8"?>
<!-- Generated by org.testng.reporters.JUnitXMLReporter -->
<testsuite ignored="1" hostname="INBOOK_X1_SLIM" failures="0" tests="1" name="Default test" time="32.5" errors="0" timestamp="2024-11-23T11:32:13 IST">
  <testcase classname="package1.pmo" name="TC_donald_trump_google_search" time="27.189"/>
  <testcase classname="package1.pmo" name="TC_list_of_indian_prime_ministers" time="0.0">
    <ignored/>
  </testcase> <!-- TC_list_of_indian_prime_ministers -->
</testsuite> <!-- Default test -->
