<?xml version="1.0" encoding="UTF-8"?>
<testng-results ignored="0" total="1" passed="1" failed="0" skipped="0">
  <reporter-output>
  </reporter-output>
  <suite started-at="2024-10-20T19:16:44 IST" name="Default suite" finished-at="2024-10-20T19:17:56 IST" duration-ms="72104">
    <groups>
    </groups>
    <test started-at="2024-10-20T19:16:44 IST" name="Default test" finished-at="2024-10-20T19:17:56 IST" duration-ms="72104">
      <class name="zomato">
        <test-method signature="forbes()[pri:0, instance:zomato@130161f7]" started-at="2024-10-20T19:16:44 IST" name="forbes" finished-at="2024-10-20T19:17:56 IST" duration-ms="72052" status="PASS">
          <reporter-output>
          </reporter-output>
        </test-method> <!-- forbes -->
      </class> <!-- zomato -->
    </test> <!-- Default test -->
  </suite> <!-- Default suite -->
</testng-results>
